{
  "stats": {
    "suites": 1,
    "tests": 3,
    "passes": 3,
    "pending": 0,
    "failures": 0,
    "start": "2021-07-09T17:43:50.611Z",
    "end": "2021-07-09T17:44:01.570Z",
    "duration": 10959,
    "testsRegistered": 3,
    "passPercent": 100,
    "pendingPercent": 0,
    "other": 0,
    "hasOther": false,
    "skipped": 0,
    "hasSkipped": false
  },
  "results": [
    {
      "uuid": "15c099a9-012d-4979-9f81-ce862324e384",
      "title": "",
      "fullFile": "cypress/integration/cucumber-test/atlantisLogin.feature",
      "file": "cypress/integration/cucumber-test/atlantisLogin.feature",
      "beforeHooks": [],
      "afterHooks": [],
      "tests": [],
      "suites": [
        {
          "uuid": "4b083834-c7d2-48e2-a57e-47ece95c75a6",
          "title": "Teste de Login do sistema Atlantis Gym",
          "fullFile": "",
          "file": "",
          "beforeHooks": [],
          "afterHooks": [],
          "tests": [
            {
              "title": "[CT_001] - Realizo um login sem informar uma senha",
              "fullTitle": "Teste de Login do sistema Atlantis Gym [CT_001] - Realizo um login sem informar uma senha",
              "timedOut": null,
              "duration": 2570,
              "state": "passed",
              "speed": "slow",
              "pass": true,
              "fail": false,
              "pending": false,
              "context": null,
              "code": "const state = window.testState;\nreturn cy\n  .then(() => state.onStartScenario(scenario, indexedSteps))\n  .then(() =>\n    resolveAndRunBeforeHooks.call(this, scenario.tags, state.feature.name)\n  )\n  .then(() =>\n    indexedSteps.forEach((step) =>\n      stepTest.call(this, state, step, rowData)\n    )\n  )\n  .then(() =>\n    resolveAndRunAfterHooks.call(this, scenario.tags, state.feature.name)\n  )\n  .then(() => state.onFinishScenario(scenario));",
              "err": {},
              "uuid": "7382f3eb-3678-4fd5-8cd6-66e9af72737b",
              "parentUUID": "4b083834-c7d2-48e2-a57e-47ece95c75a6",
              "isHook": false,
              "skipped": false
            },
            {
              "title": "[CT_002] - Realizo um login sem informar um email",
              "fullTitle": "Teste de Login do sistema Atlantis Gym [CT_002] - Realizo um login sem informar um email",
              "timedOut": null,
              "duration": 1343,
              "state": "passed",
              "speed": "slow",
              "pass": true,
              "fail": false,
              "pending": false,
              "context": null,
              "code": "const state = window.testState;\nreturn cy\n  .then(() => state.onStartScenario(scenario, indexedSteps))\n  .then(() =>\n    resolveAndRunBeforeHooks.call(this, scenario.tags, state.feature.name)\n  )\n  .then(() =>\n    indexedSteps.forEach((step) =>\n      stepTest.call(this, state, step, rowData)\n    )\n  )\n  .then(() =>\n    resolveAndRunAfterHooks.call(this, scenario.tags, state.feature.name)\n  )\n  .then(() => state.onFinishScenario(scenario));",
              "err": {},
              "uuid": "90cd17f9-b1e4-433d-be70-82694b986894",
              "parentUUID": "4b083834-c7d2-48e2-a57e-47ece95c75a6",
              "isHook": false,
              "skipped": false
            },
            {
              "title": "[CT_003] - Realizo um login com um usuário inexistente",
              "fullTitle": "Teste de Login do sistema Atlantis Gym [CT_003] - Realizo um login com um usuário inexistente",
              "timedOut": null,
              "duration": 4293,
              "state": "passed",
              "speed": "slow",
              "pass": true,
              "fail": false,
              "pending": false,
              "context": null,
              "code": "const state = window.testState;\nreturn cy\n  .then(() => state.onStartScenario(scenario, indexedSteps))\n  .then(() =>\n    resolveAndRunBeforeHooks.call(this, scenario.tags, state.feature.name)\n  )\n  .then(() =>\n    indexedSteps.forEach((step) =>\n      stepTest.call(this, state, step, rowData)\n    )\n  )\n  .then(() =>\n    resolveAndRunAfterHooks.call(this, scenario.tags, state.feature.name)\n  )\n  .then(() => state.onFinishScenario(scenario));",
              "err": {},
              "uuid": "589f771b-c8ed-482b-9e9a-15b348c7677f",
              "parentUUID": "4b083834-c7d2-48e2-a57e-47ece95c75a6",
              "isHook": false,
              "skipped": false
            }
          ],
          "suites": [],
          "passes": [
            "7382f3eb-3678-4fd5-8cd6-66e9af72737b",
            "90cd17f9-b1e4-433d-be70-82694b986894",
            "589f771b-c8ed-482b-9e9a-15b348c7677f"
          ],
          "failures": [],
          "pending": [],
          "skipped": [],
          "duration": 8206,
          "root": false,
          "rootEmpty": false,
          "_timeout": 2000
        }
      ],
      "passes": [],
      "failures": [],
      "pending": [],
      "skipped": [],
      "duration": 0,
      "root": true,
      "rootEmpty": true,
      "_timeout": 2000
    }
  ],
  "meta": {
    "mocha": {
      "version": "7.0.1"
    },
    "mochawesome": {
      "options": {
        "quiet": false,
        "reportFilename": "mochawesome",
        "saveHtml": false,
        "saveJson": true,
        "consoleReporter": "spec",
        "useInlineDiffs": false,
        "code": true
      },
      "version": "6.2.2"
    },
    "marge": {
      "options": {
        "id": "default",
        "reportDir": "cypress/results/json",
        "overwrite": false,
        "html": false,
        "json": true
      },
      "version": "5.2.0"
    }
  }
}